This is pdfTeX, Version 3.141592653-2.6-1.40.27 (TeX Live 2025) (preloaded format=pdflatex 2025.12.28)  9 APR 2026 23:15
entering extended mode
 restricted \write18 enabled.
 %&-line parsing enabled.
**main.tex
(./main.tex
LaTeX2e <2024-11-01> patch level 2
L3 programming layer <2025-01-18>
(/usr/local/texlive/2025basic/texmf-dist/tex/latex/base/article.cls
Document Class: article 2024/06/29 v1.4n Standard LaTeX document class
(/usr/local/texlive/2025basic/texmf-dist/tex/latex/base/size11.clo
File: size11.clo 2024/06/29 v1.4n Standard LaTeX file (size option)
)
\c@part=\count196
\c@section=\count197
\c@subsection=\count198
\c@subsubsection=\count199
\c@paragraph=\count266
\c@subparagraph=\count267
\c@figure=\count268
\c@table=\count269
\abovecaptionskip=\skip49
\belowcaptionskip=\skip50
\bibindent=\dimen141
)
(/usr/local/texlive/2025basic/texmf-dist/tex/latex/geometry/geometry.sty
Package: geometry 2020/01/02 v5.9 Page Geometry

(/usr/local/texlive/2025basic/texmf-dist/tex/latex/graphics/keyval.sty
Package: keyval 2022/05/29 v1.15 key=value parser (DPC)
\KV@toks@=\toks17
)
(/usr/local/texlive/2025basic/texmf-dist/tex/generic/iftex/ifvtex.sty
Package: ifvtex 2019/10/25 v1.7 ifvtex legacy package. Use iftex instead.

(/usr/local/texlive/2025basic/texmf-dist/tex/generic/iftex/iftex.sty
Package: iftex 2024/12/12 v1.0g TeX engine tests
))
\Gm@cnth=\count270
\Gm@cntv=\count271
\c@Gm@tempcnt=\count272
\Gm@bindingoffset=\dimen142
\Gm@wd@mp=\dimen143
\Gm@odd@mp=\dimen144
\Gm@even@mp=\dimen145
\Gm@layoutwidth=\dimen146
\Gm@layoutheight=\dimen147
\Gm@layouthoffset=\dimen148
\Gm@layoutvoffset=\dimen149
\Gm@dimlist=\toks18
)
(/usr/local/texlive/2025basic/texmf-dist/tex/latex/graphics/graphicx.sty
Package: graphicx 2021/09/16 v1.2d Enhanced LaTeX Graphics (DPC,SPQR)

(/usr/local/texlive/2025basic/texmf-dist/tex/latex/graphics/graphics.sty
Package: graphics 2024/08/06 v1.4g Standard LaTeX Graphics (DPC,SPQR)

(/usr/local/texlive/2025basic/texmf-dist/tex/latex/graphics/trig.sty
Package: trig 2023/12/02 v1.11 sin cos tan (DPC)
)
(/usr/local/texlive/2025basic/texmf-dist/tex/latex/graphics-cfg/graphics.cfg
File: graphics.cfg 2016/06/04 v1.11 sample graphics configuration
)
Package graphics Info: Driver file: pdftex.def on input line 106.

(/usr/local/texlive/2025basic/texmf-dist/tex/latex/graphics-def/pdftex.def
File: pdftex.def 2024/04/13 v1.2c Graphics/color driver for pdftex
))
\Gin@req@height=\dimen150
\Gin@req@width=\dimen151
)
(/usr/local/texlive/2025basic/texmf-dist/tex/latex/booktabs/booktabs.sty
Package: booktabs 2020/01/12 v1.61803398 Publication quality tables
\heavyrulewidth=\dimen152
\lightrulewidth=\dimen153
\cmidrulewidth=\dimen154
\belowrulesep=\dimen155
\belowbottomsep=\dimen156
\aboverulesep=\dimen157
\abovetopsep=\dimen158
\cmidrulesep=\dimen159
\cmidrulekern=\dimen160
\defaultaddspace=\dimen161
\@cmidla=\count273
\@cmidlb=\count274
\@aboverulesep=\dimen162
\@belowrulesep=\dimen163
\@thisruleclass=\count275
\@lastruleclass=\count276
\@thisrulewidth=\dimen164
)
(/usr/local/texlive/2025basic/texmf-dist/tex/latex/l3backend/l3backend-pdftex.d
ef
File: l3backend-pdftex.def 2024-05-08 L3 backend support: PDF output (pdfTeX)
\l__color_backend_stack_int=\count277
\l__pdf_internal_box=\box52
) (./main.aux)
\openout1 = `main.aux'.

LaTeX Font Info:    Checking defaults for OML/cmm/m/it on input line 10.
LaTeX Font Info:    ... okay on input line 10.
LaTeX Font Info:    Checking defaults for OMS/cmsy/m/n on input line 10.
LaTeX Font Info:    ... okay on input line 10.
LaTeX Font Info:    Checking defaults for OT1/cmr/m/n on input line 10.
LaTeX Font Info:    ... okay on input line 10.
LaTeX Font Info:    Checking defaults for T1/cmr/m/n on input line 10.
LaTeX Font Info:    ... okay on input line 10.
LaTeX Font Info:    Checking defaults for TS1/cmr/m/n on input line 10.
LaTeX Font Info:    ... okay on input line 10.
LaTeX Font Info:    Checking defaults for OMX/cmex/m/n on input line 10.
LaTeX Font Info:    ... okay on input line 10.
LaTeX Font Info:    Checking defaults for U/cmr/m/n on input line 10.
LaTeX Font Info:    ... okay on input line 10.

*geometry* driver: auto-detecting
*geometry* detected driver: pdftex
*geometry* verbose mode - [ preamble ] result:
* driver: pdftex
* paper: <default>
* layout: <same size as paper>
* layoutoffset:(h,v)=(0.0pt,0.0pt)
* modes: 
* h-part:(L,W,R)=(72.26999pt, 469.75502pt, 72.26999pt)
* v-part:(T,H,B)=(72.26999pt, 650.43001pt, 72.26999pt)
* \paperwidth=614.295pt
* \paperheight=794.96999pt
* \textwidth=469.75502pt
* \textheight=650.43001pt
* \oddsidemargin=0.0pt
* \evensidemargin=0.0pt
* \topmargin=-37.0pt
* \headheight=12.0pt
* \headsep=25.0pt
* \topskip=11.0pt
* \footskip=30.0pt
* \marginparwidth=59.0pt
* \marginparsep=10.0pt
* \columnsep=10.0pt
* \skip\footins=10.0pt plus 4.0pt minus 2.0pt
* \hoffset=0.0pt
* \voffset=0.0pt
* \mag=1000
* \@twocolumnfalse
* \@twosidefalse
* \@mparswitchfalse
* \@reversemarginfalse
* (1in=72.27pt=25.4mm, 1cm=28.453pt)

(/usr/local/texlive/2025basic/texmf-dist/tex/context/base/mkii/supp-pdf.mkii
[Loading MPS to PDF converter (version 2006.09.02).]
\scratchcounter=\count278
\scratchdimen=\dimen165
\scratchbox=\box53
\nofMPsegments=\count279
\nofMParguments=\count280
\everyMPshowfont=\toks19
\MPscratchCnt=\count281
\MPscratchDim=\dimen166
\MPnumerator=\count282
\makeMPintoPDFobject=\count283
\everyMPtoPDFconversion=\toks20
)
(/usr/local/texlive/2025basic/texmf-dist/tex/latex/epstopdf-pkg/epstopdf-base.s
ty
Package: epstopdf-base 2020-01-24 v2.11 Base part for package epstopdf
Package epstopdf-base Info: Redefining graphics rule for `.eps' on input line 4
85.

(/usr/local/texlive/2025basic/texmf-dist/tex/latex/latexconfig/epstopdf-sys.cfg
File: epstopdf-sys.cfg 2010/07/13 v1.3 Configuration of (r)epstopdf for TeX Liv
e
))
LaTeX Font Info:    External font `cmex10' loaded for size
(Font)              <12> on input line 11.
LaTeX Font Info:    External font `cmex10' loaded for size
(Font)              <8> on input line 11.
LaTeX Font Info:    External font `cmex10' loaded for size
(Font)              <6> on input line 11.

Overfull \hbox (9.236pt too wide) in paragraph at lines 17--18
\OT1/cmr/m/n/10.95 root. The project en-vi-ron-ment uses Python 3.11 with de-pe
n-den-cies in-stalled from \OT1/cmtt/m/n/10.95 requirements.txt\OT1/cmr/m/n/10.
95 .
 []


Overfull \hbox (1.32799pt too wide) in paragraph at lines 40--41
\OT1/cmr/m/n/10.95 The Cal-i-for-nia Hous-ing dataset was used for the re-gres-
sion task. The tar-get vari-able is \OT1/cmtt/m/n/10.95 MedHouseVal\OT1/cmr/m/n
/10.95 .
 []

<../../results/figures/q1/histograms.png, id=1, 1004.553pt x 740.7675pt>
File: ../../results/figures/q1/histograms.png Graphic file (type png)
<use ../../results/figures/q1/histograms.png>
Package pdftex.def Info: ../../results/figures/q1/histograms.png  used on input
 line 44.
(pdftex.def)             Requested size: 469.75502pt x 346.39748pt.
<../../results/figures/q1/correlation_matrix.png, id=3, 647.2983pt x 569.9694pt
>
File: ../../results/figures/q1/correlation_matrix.png Graphic file (type png)
<use ../../results/figures/q1/correlation_matrix.png>
Package pdftex.def Info: ../../results/figures/q1/correlation_matrix.png  used 
on input line 51.
(pdftex.def)             Requested size: 399.29463pt x 351.5945pt.
<../../results/figures/q1/feature_scatter_plots.png, id=4, 1292.4285pt x 666.81
12pt>
File: ../../results/figures/q1/feature_scatter_plots.png Graphic file (type png
)
<use ../../results/figures/q1/feature_scatter_plots.png>
Package pdftex.def Info: ../../results/figures/q1/feature_scatter_plots.png  us
ed on input line 58.
(pdftex.def)             Requested size: 469.75502pt x 242.3615pt.


[1

{/usr/local/texlive/2025basic/texmf-var/fonts/map/pdftex/updmap/pdftex.map}]
LaTeX Font Info:    External font `cmex10' loaded for size
(Font)              <10.95> on input line 67.


[2 <../../results/figures/q1/histograms.png>]

[3 <../../results/figures/q1/correlation_matrix.png>]
<../../results/figures/q1/residual_plots.png, id=26, 1004.553pt x 740.7675pt>
File: ../../results/figures/q1/residual_plots.png Graphic file (type png)
<use ../../results/figures/q1/residual_plots.png>
Package pdftex.def Info: ../../results/figures/q1/residual_plots.png  used on i
nput line 112.
(pdftex.def)             Requested size: 469.75502pt x 346.39748pt.


[4 <../../results/figures/q1/feature_scatter_plots.png>]

[5 <../../results/figures/q1/residual_plots.png>]

[6]

[7]
<../../results/figures/q2/random_forest_roc_curve.png, id=43, 505.89pt x 361.35
pt>
File: ../../results/figures/q2/random_forest_roc_curve.png Graphic file (type p
ng)
<use ../../results/figures/q2/random_forest_roc_curve.png>
Package pdftex.def Info: ../../results/figures/q2/random_forest_roc_curve.png  
used on input line 207.
(pdftex.def)             Requested size: 366.40834pt x 261.72668pt.


[8 <../../results/figures/q2/random_forest_roc_curve.png>]
<../../results/figures/q3/mnist_sample_digits.png, id=48, 722.7pt x 361.35pt>
File: ../../results/figures/q3/mnist_sample_digits.png Graphic file (type png)
<use ../../results/figures/q3/mnist_sample_digits.png>
Package pdftex.def Info: ../../results/figures/q3/mnist_sample_digits.png  used
 on input line 236.
(pdftex.def)             Requested size: 366.40834pt x 183.20537pt.


[9 <../../results/figures/q3/mnist_sample_digits.png>]
<../../results/figures/q3/pca_2d_embedding.png, id=53, 650.43pt x 505.89pt>
File: ../../results/figures/q3/pca_2d_embedding.png Graphic file (type png)
<use ../../results/figures/q3/pca_2d_embedding.png>
Package pdftex.def Info: ../../results/figures/q3/pca_2d_embedding.png  used on
 input line 281.
(pdftex.def)             Requested size: 385.20255pt x 299.60722pt.
<../../results/figures/q3/tsne_2d_perplexity_30.png, id=54, 650.43pt x 505.89pt
>
File: ../../results/figures/q3/tsne_2d_perplexity_30.png Graphic file (type png
)
<use ../../results/figures/q3/tsne_2d_perplexity_30.png>
Package pdftex.def Info: ../../results/figures/q3/tsne_2d_perplexity_30.png  us
ed on input line 288.
(pdftex.def)             Requested size: 385.20255pt x 299.60722pt.
<../../results/figures/q3/tsne_2d_perplexity_50.png, id=55, 650.43pt x 505.89pt
>
File: ../../results/figures/q3/tsne_2d_perplexity_50.png Graphic file (type png
)
<use ../../results/figures/q3/tsne_2d_perplexity_50.png>
Package pdftex.def Info: ../../results/figures/q3/tsne_2d_perplexity_50.png  us
ed on input line 295.
(pdftex.def)             Requested size: 385.20255pt x 299.60722pt.


[10]

[11 <../../results/figures/q3/pca_2d_embedding.png>]

[12 <../../results/figures/q3/tsne_2d_perplexity_30.png>]

[13 <../../results/figures/q3/tsne_2d_perplexity_50.png>] (./main.aux)
 ***********
LaTeX2e <2024-11-01> patch level 2
L3 programming layer <2025-01-18>
 ***********
 ) 
Here is how much of TeX's memory you used:
 2022 strings out of 474662
 35098 string characters out of 5751108
 432652 words of memory out of 5000000
 25083 multiletter control sequences out of 15000+600000
 564176 words of font info for 54 fonts, out of 8000000 for 9000
 319 hyphenation exceptions out of 8191
 57i,10n,65p,675b,236s stack positions out of 10000i,1000n,20000p,200000b,200000s
</usr/local/texlive/2025basic/texmf-dist/fonts/type1/public/amsfonts/cm/cmbx1
0.pfb></usr/local/texlive/2025basic/texmf-dist/fonts/type1/public/amsfonts/cm/c
mbx12.pfb></usr/local/texlive/2025basic/texmf-dist/fonts/type1/public/amsfonts/
cm/cmmi10.pfb></usr/local/texlive/2025basic/texmf-dist/fonts/type1/public/amsfo
nts/cm/cmr10.pfb></usr/local/texlive/2025basic/texmf-dist/fonts/type1/public/am
sfonts/cm/cmr12.pfb></usr/local/texlive/2025basic/texmf-dist/fonts/type1/public
/amsfonts/cm/cmr17.pfb></usr/local/texlive/2025basic/texmf-dist/fonts/type1/pub
lic/amsfonts/cm/cmr8.pfb></usr/local/texlive/2025basic/texmf-dist/fonts/type1/p
ublic/amsfonts/cm/cmsy10.pfb></usr/local/texlive/2025basic/texmf-dist/fonts/typ
e1/public/amsfonts/cm/cmtt10.pfb>
Output written on main.pdf (13 pages, 10921557 bytes).
PDF statistics:
 111 PDF objects out of 1000 (max. 8388607)
 59 compressed objects within 1 object stream
 0 named destinations out of 1000 (max. 500000)
 46 words of extra memory for PDF output out of 10000 (max. 10000000)

